[0m13:44:15.911969 [debug] [MainThread]: Sending event: {'category': 'dbt', 'action': 'invocation', 'label': 'start', 'context': [<snowplow_tracker.self_describing_json.SelfDescribingJson object at 0x00000299D2264E00>, <snowplow_tracker.self_describing_json.SelfDescribingJson object at 0x00000299D2265190>, <snowplow_tracker.self_describing_json.SelfDescribingJson object at 0x00000299D22662D0>]}


============================== 13:44:15.927088 | e1a58331-d080-4c0f-8c28-e3fd99b2ba07 ==============================
[0m13:44:15.927088 [info ] [MainThread]: Running with dbt=1.9.6
[0m13:44:15.927088 [debug] [MainThread]: running dbt with arguments {'printer_width': '80', 'indirect_selection': 'eager', 'write_json': 'True', 'log_cache_events': 'False', 'partial_parse': 'True', 'cache_selected_only': 'False', 'profiles_dir': 'C:\\Users\\Administrador\\.dbt', 'fail_fast': 'False', 'version_check': 'True', 'log_path': 'logs', 'warn_error': 'None', 'debug': 'False', 'use_colors': 'True', 'use_experimental_parser': 'False', 'empty': 'None', 'quiet': 'False', 'no_print': 'None', 'log_format': 'default', 'introspect': 'True', 'invocation_command': 'dbt init', 'static_parser': 'True', 'target_path': 'None', 'warn_error_options': 'WarnErrorOptions(include=[], exclude=[])', 'send_anonymous_usage_stats': 'True'}
[0m13:44:45.137807 [debug] [MainThread]: Starter project path: C:\Users\Administrador\OneDrive\Escritorio\venv\Lib\site-packages\dbt\include\starter_project
[0m13:44:45.188036 [info ] [MainThread]: 
Your new dbt project "nu_analytics_project" was created!

For more information on how to configure the profiles.yml file,
please consult the dbt documentation here:

  https://docs.getdbt.com/docs/configure-your-profile

One more thing:

Need help? Don't hesitate to reach out to us via GitHub issues or on Slack:

  https://community.getdbt.com/

Happy modeling!

[0m13:44:45.189067 [info ] [MainThread]: Setting up your profile.
[0m13:46:31.294686 [info ] [MainThread]: Profile nu_analytics_project written to C:\Users\Administrador\.dbt\profiles.yml using target's profile_template.yml and your supplied values. Run 'dbt debug' to validate the connection.
[0m13:46:31.294686 [debug] [MainThread]: Command `dbt init` succeeded at 13:46:31.294686 after 135.52 seconds
[0m13:46:31.294686 [debug] [MainThread]: Sending event: {'category': 'dbt', 'action': 'invocation', 'label': 'end', 'context': [<snowplow_tracker.self_describing_json.SelfDescribingJson object at 0x00000299D47F8980>, <snowplow_tracker.self_describing_json.SelfDescribingJson object at 0x00000299D4088BC0>, <snowplow_tracker.self_describing_json.SelfDescribingJson object at 0x00000299D44E93A0>]}
[0m13:46:31.294686 [debug] [MainThread]: Flushing usage events
[0m13:46:31.851956 [debug] [MainThread]: An error was encountered while trying to flush usage events
